build/app/intermediates/manifest_merge_blame_file/release/manifest-merger-blame-release-report.txt
1<?xml version="1.0" encoding="utf-8"?>
2<manifest xmlns:android="http://schemas.android.com/apk/res/android"
3    package="com.sj.planners"
4    android:versionCode="4001"
5    android:versionName="1.0.0" >
6
7    <uses-sdk
8        android:minSdkVersion="21"
8-->src\main\AndroidManifest.xml
9        android:targetSdkVersion="31" />
9-->src\main\AndroidManifest.xml
10
11    <uses-permission android:name="android.permission.INTERNET" />
11-->[:google_sign_in] AndroidManifest.xml:7:5-67
11-->[:google_sign_in] AndroidManifest.xml:7:22-64
12    <uses-permission android:name="android.permission.ACCESS_NETWORK_STATE" />
12-->[com.google.firebase:firebase-auth:21.0.1] AndroidManifest.xml:24:5-79
12-->[com.google.firebase:firebase-auth:21.0.1] AndroidManifest.xml:24:22-76
13
14    <application
15        android:name="android.app.Application"
15-->src\main\AndroidManifest.xml:5:9-42
16        android:appComponentFactory="androidx.core.app.CoreComponentFactory"
16-->[androidx.core:core:1.6.0] AndroidManifest.xml:24:18-86
17        android:icon="@mipmap/ic_launcher"
17-->src\main\AndroidManifest.xml:6:9-43
18        android:label="Planners" >
18-->src\main\AndroidManifest.xml:4:9-33
19        <activity
19-->src\main\AndroidManifest.xml:7:9-27:20
20            android:name="com.sj.planners.MainActivity"
20-->src\main\AndroidManifest.xml:8:13-41
21            android:configChanges="orientation|keyboardHidden|keyboard|screenSize|smallestScreenSize|locale|layoutDirection|fontScale|screenLayout|density|uiMode"
21-->src\main\AndroidManifest.xml:12:13-163
22            android:exported="true"
22-->src\main\AndroidManifest.xml:9:13-36
23            android:hardwareAccelerated="true"
23-->src\main\AndroidManifest.xml:13:13-47
24            android:launchMode="singleTop"
24-->src\main\AndroidManifest.xml:10:13-43
25            android:theme="@style/LaunchTheme"
25-->src\main\AndroidManifest.xml:11:13-47
26            android:windowSoftInputMode="adjustResize" >
26-->src\main\AndroidManifest.xml:14:13-55
27
28            <!--
29                 Specifies an Android theme to apply to this Activity as soon as
30                 the Android process has started. This theme is visible to the user
31                 while the Flutter UI initializes. After that, this theme continues
32                 to determine the Window background behind the Flutter UI.
33            -->
34            <meta-data
34-->src\main\AndroidManifest.xml:19:13-22:17
35                android:name="io.flutter.embedding.android.NormalTheme"
35-->src\main\AndroidManifest.xml:20:15-70
36                android:resource="@style/NormalTheme" />
36-->src\main\AndroidManifest.xml:21:15-52
37
38            <intent-filter>
38-->src\main\AndroidManifest.xml:23:13-26:29
39                <action android:name="android.intent.action.MAIN" />
39-->src\main\AndroidManifest.xml:24:17-68
39-->src\main\AndroidManifest.xml:24:25-66
40
41                <category android:name="android.intent.category.LAUNCHER" />
41-->src\main\AndroidManifest.xml:25:17-76
41-->src\main\AndroidManifest.xml:25:27-74
42            </intent-filter>
43        </activity>
44        <!--
45             Don't delete the meta-data below.
46             This is used by the Flutter tool to generate GeneratedPluginRegistrant.java
47        -->
48        <meta-data
48-->src\main\AndroidManifest.xml:30:9-32:33
49            android:name="flutterEmbedding"
49-->src\main\AndroidManifest.xml:31:13-44
50            android:value="2" />
50-->src\main\AndroidManifest.xml:32:13-30
51
52        <service
52-->[:firebase_auth] AndroidManifest.xml:8:9-12:19
53            android:name="com.google.firebase.components.ComponentDiscoveryService"
53-->[:firebase_auth] AndroidManifest.xml:8:18-89
54            android:directBootAware="true"
54-->[com.google.firebase:firebase-common:20.0.0] AndroidManifest.xml:35:13-43
55            android:exported="false" >
55-->[com.google.firebase:firebase-auth:21.0.1] AndroidManifest.xml:76:13-37
56            <meta-data
56-->[:firebase_auth] AndroidManifest.xml:9:13-11:85
57                android:name="com.google.firebase.components:io.flutter.plugins.firebase.auth.FlutterFirebaseAuthRegistrar"
57-->[:firebase_auth] AndroidManifest.xml:10:17-124
58                android:value="com.google.firebase.components.ComponentRegistrar" />
58-->[:firebase_auth] AndroidManifest.xml:11:17-82
59            <meta-data
59-->[:firebase_core] AndroidManifest.xml:9:13-11:85
60                android:name="com.google.firebase.components:io.flutter.plugins.firebase.core.FlutterFirebaseCoreRegistrar"
60-->[:firebase_core] AndroidManifest.xml:10:17-124
61                android:value="com.google.firebase.components.ComponentRegistrar" />
61-->[:firebase_core] AndroidManifest.xml:11:17-82
62            <meta-data
62-->[com.google.firebase:firebase-auth:21.0.1] AndroidManifest.xml:77:13-79:85
63                android:name="com.google.firebase.components:com.google.firebase.auth.FirebaseAuthRegistrar"
63-->[com.google.firebase:firebase-auth:21.0.1] AndroidManifest.xml:78:17-109
64                android:value="com.google.firebase.components.ComponentRegistrar" />
64-->[com.google.firebase:firebase-auth:21.0.1] AndroidManifest.xml:79:17-82
65        </service>
66
67        <provider
67-->[:image_picker] AndroidManifest.xml:8:9-16:20
68            android:name="io.flutter.plugins.imagepicker.ImagePickerFileProvider"
68-->[:image_picker] AndroidManifest.xml:9:13-82
69            android:authorities="com.sj.planners.flutter.image_provider"
69-->[:image_picker] AndroidManifest.xml:10:13-74
70            android:exported="false"
70-->[:image_picker] AndroidManifest.xml:11:13-37
71            android:grantUriPermissions="true" >
71-->[:image_picker] AndroidManifest.xml:12:13-47
72            <meta-data
72-->[:image_picker] AndroidManifest.xml:13:13-15:75
73                android:name="android.support.FILE_PROVIDER_PATHS"
73-->[:image_picker] AndroidManifest.xml:14:17-67
74                android:resource="@xml/flutter_image_picker_file_paths" />
74-->[:image_picker] AndroidManifest.xml:15:17-72
75        </provider>
76
77        <activity
77-->[:url_launcher_android] AndroidManifest.xml:8:9-11:74
78            android:name="io.flutter.plugins.urllauncher.WebViewActivity"
78-->[:url_launcher_android] AndroidManifest.xml:9:13-74
79            android:exported="false"
79-->[:url_launcher_android] AndroidManifest.xml:10:13-37
80            android:theme="@android:style/Theme.NoTitleBar.Fullscreen" />
80-->[:url_launcher_android] AndroidManifest.xml:11:13-71
81
82        <uses-library
82-->[androidx.window:window:1.0.0-beta04] AndroidManifest.xml:25:9-27:40
83            android:name="androidx.window.extensions"
83-->[androidx.window:window:1.0.0-beta04] AndroidManifest.xml:26:13-54
84            android:required="false" />
84-->[androidx.window:window:1.0.0-beta04] AndroidManifest.xml:27:13-37
85        <uses-library
85-->[androidx.window:window:1.0.0-beta04] AndroidManifest.xml:28:9-30:40
86            android:name="androidx.window.sidecar"
86-->[androidx.window:window:1.0.0-beta04] AndroidManifest.xml:29:13-51
87            android:required="false" />
87-->[androidx.window:window:1.0.0-beta04] AndroidManifest.xml:30:13-37
88
89        <activity
89-->[com.google.firebase:firebase-auth:21.0.1] AndroidManifest.xml:27:9-44:20
90            android:name="com.google.firebase.auth.internal.GenericIdpActivity"
90-->[com.google.firebase:firebase-auth:21.0.1] AndroidManifest.xml:28:13-80
91            android:excludeFromRecents="true"
91-->[com.google.firebase:firebase-auth:21.0.1] AndroidManifest.xml:29:13-46
92            android:exported="true"
92-->[com.google.firebase:firebase-auth:21.0.1] AndroidManifest.xml:30:13-36
93            android:launchMode="singleTask"
93-->[com.google.firebase:firebase-auth:21.0.1] AndroidManifest.xml:31:13-44
94            android:theme="@android:style/Theme.Translucent.NoTitleBar" >
94-->[com.google.firebase:firebase-auth:21.0.1] AndroidManifest.xml:32:13-72
95            <intent-filter>
95-->[com.google.firebase:firebase-auth:21.0.1] AndroidManifest.xml:33:13-43:29
96                <action android:name="android.intent.action.VIEW" />
96-->[com.google.firebase:firebase-auth:21.0.1] AndroidManifest.xml:34:17-69
96-->[com.google.firebase:firebase-auth:21.0.1] AndroidManifest.xml:34:25-66
97
98                <category android:name="android.intent.category.DEFAULT" />
98-->[com.google.firebase:firebase-auth:21.0.1] AndroidManifest.xml:36:17-76
98-->[com.google.firebase:firebase-auth:21.0.1] AndroidManifest.xml:36:27-73
99                <category android:name="android.intent.category.BROWSABLE" />
99-->[com.google.firebase:firebase-auth:21.0.1] AndroidManifest.xml:37:17-78
99-->[com.google.firebase:firebase-auth:21.0.1] AndroidManifest.xml:37:27-75
100
101                <data
101-->[com.google.firebase:firebase-auth:21.0.1] AndroidManifest.xml:39:17-42:51
102                    android:host="firebase.auth"
102-->[com.google.firebase:firebase-auth:21.0.1] AndroidManifest.xml:40:21-49
103                    android:path="/"
103-->[com.google.firebase:firebase-auth:21.0.1] AndroidManifest.xml:41:21-37
104                    android:scheme="genericidp" />
104-->[com.google.firebase:firebase-auth:21.0.1] AndroidManifest.xml:42:21-48
105            </intent-filter>
106        </activity>
107        <activity
107-->[com.google.firebase:firebase-auth:21.0.1] AndroidManifest.xml:45:9-62:20
108            android:name="com.google.firebase.auth.internal.RecaptchaActivity"
108-->[com.google.firebase:firebase-auth:21.0.1] AndroidManifest.xml:46:13-79
109            android:excludeFromRecents="true"
109-->[com.google.firebase:firebase-auth:21.0.1] AndroidManifest.xml:47:13-46
110            android:exported="true"
110-->[com.google.firebase:firebase-auth:21.0.1] AndroidManifest.xml:48:13-36
111            android:launchMode="singleTask"
111-->[com.google.firebase:firebase-auth:21.0.1] AndroidManifest.xml:49:13-44
112            android:theme="@android:style/Theme.Translucent.NoTitleBar" >
112-->[com.google.firebase:firebase-auth:21.0.1] AndroidManifest.xml:50:13-72
113            <intent-filter>
113-->[com.google.firebase:firebase-auth:21.0.1] AndroidManifest.xml:51:13-61:29
114                <action android:name="android.intent.action.VIEW" />
114-->[com.google.firebase:firebase-auth:21.0.1] AndroidManifest.xml:34:17-69
114-->[com.google.firebase:firebase-auth:21.0.1] AndroidManifest.xml:34:25-66
115
116                <category android:name="android.intent.category.DEFAULT" />
116-->[com.google.firebase:firebase-auth:21.0.1] AndroidManifest.xml:36:17-76
116-->[com.google.firebase:firebase-auth:21.0.1] AndroidManifest.xml:36:27-73
117                <category android:name="android.intent.category.BROWSABLE" />
117-->[com.google.firebase:firebase-auth:21.0.1] AndroidManifest.xml:37:17-78
117-->[com.google.firebase:firebase-auth:21.0.1] AndroidManifest.xml:37:27-75
118
119                <data
119-->[com.google.firebase:firebase-auth:21.0.1] AndroidManifest.xml:39:17-42:51
120                    android:host="firebase.auth"
120-->[com.google.firebase:firebase-auth:21.0.1] AndroidManifest.xml:40:21-49
121                    android:path="/"
121-->[com.google.firebase:firebase-auth:21.0.1] AndroidManifest.xml:41:21-37
122                    android:scheme="recaptcha" />
122-->[com.google.firebase:firebase-auth:21.0.1] AndroidManifest.xml:42:21-48
123            </intent-filter>
124        </activity>
125
126        <service
126-->[com.google.firebase:firebase-auth:21.0.1] AndroidManifest.xml:64:9-73:19
127            android:name="com.google.firebase.auth.api.fallback.service.FirebaseAuthFallbackService"
127-->[com.google.firebase:firebase-auth:21.0.1] AndroidManifest.xml:65:13-101
128            android:enabled="true"
128-->[com.google.firebase:firebase-auth:21.0.1] AndroidManifest.xml:66:13-35
129            android:exported="false" >
129-->[com.google.firebase:firebase-auth:21.0.1] AndroidManifest.xml:67:13-37
130            <intent-filter>
130-->[com.google.firebase:firebase-auth:21.0.1] AndroidManifest.xml:68:13-72:29
131                <action android:name="com.google.firebase.auth.api.gms.service.START" />
131-->[com.google.firebase:firebase-auth:21.0.1] AndroidManifest.xml:69:17-89
131-->[com.google.firebase:firebase-auth:21.0.1] AndroidManifest.xml:69:25-86
132
133                <category android:name="android.intent.category.DEFAULT" />
133-->[com.google.firebase:firebase-auth:21.0.1] AndroidManifest.xml:36:17-76
133-->[com.google.firebase:firebase-auth:21.0.1] AndroidManifest.xml:36:27-73
134            </intent-filter>
135        </service>
136
137        <provider
137-->[com.google.firebase:firebase-common:20.0.0] AndroidManifest.xml:26:9-31:39
138            android:name="com.google.firebase.provider.FirebaseInitProvider"
138-->[com.google.firebase:firebase-common:20.0.0] AndroidManifest.xml:27:13-77
139            android:authorities="com.sj.planners.firebaseinitprovider"
139-->[com.google.firebase:firebase-common:20.0.0] AndroidManifest.xml:28:13-72
140            android:directBootAware="true"
140-->[com.google.firebase:firebase-common:20.0.0] AndroidManifest.xml:29:13-43
141            android:exported="false"
141-->[com.google.firebase:firebase-common:20.0.0] AndroidManifest.xml:30:13-37
142            android:initOrder="100" />
142-->[com.google.firebase:firebase-common:20.0.0] AndroidManifest.xml:31:13-36
143
144        <activity
144-->[com.google.android.gms:play-services-auth:20.0.1] AndroidManifest.xml:23:9-27:75
145            android:name="com.google.android.gms.auth.api.signin.internal.SignInHubActivity"
145-->[com.google.android.gms:play-services-auth:20.0.1] AndroidManifest.xml:24:13-93
146            android:excludeFromRecents="true"
146-->[com.google.android.gms:play-services-auth:20.0.1] AndroidManifest.xml:25:13-46
147            android:exported="false"
147-->[com.google.android.gms:play-services-auth:20.0.1] AndroidManifest.xml:26:13-37
148            android:theme="@android:style/Theme.Translucent.NoTitleBar" />
148-->[com.google.android.gms:play-services-auth:20.0.1] AndroidManifest.xml:27:13-72
149        <!--
150            Service handling Google Sign-In user revocation. For apps that do not integrate with
151            Google Sign-In, this service will never be started.
152        -->
153        <service
153-->[com.google.android.gms:play-services-auth:20.0.1] AndroidManifest.xml:33:9-37:51
154            android:name="com.google.android.gms.auth.api.signin.RevocationBoundService"
154-->[com.google.android.gms:play-services-auth:20.0.1] AndroidManifest.xml:34:13-89
155            android:exported="true"
155-->[com.google.android.gms:play-services-auth:20.0.1] AndroidManifest.xml:35:13-36
156            android:permission="com.google.android.gms.auth.api.signin.permission.REVOCATION_NOTIFICATION"
156-->[com.google.android.gms:play-services-auth:20.0.1] AndroidManifest.xml:36:13-107
157            android:visibleToInstantApps="true" />
157-->[com.google.android.gms:play-services-auth:20.0.1] AndroidManifest.xml:37:13-48
158
159        <activity
159-->[com.google.android.gms:play-services-base:18.0.1] AndroidManifest.xml:20:9-22:45
160            android:name="com.google.android.gms.common.api.GoogleApiActivity"
160-->[com.google.android.gms:play-services-base:18.0.1] AndroidManifest.xml:20:19-85
161            android:exported="false"
161-->[com.google.android.gms:play-services-base:18.0.1] AndroidManifest.xml:22:19-43
162            android:theme="@android:style/Theme.Translucent.NoTitleBar" />
162-->[com.google.android.gms:play-services-base:18.0.1] AndroidManifest.xml:21:19-78
163
164        <meta-data
164-->[com.google.android.gms:play-services-basement:18.0.0] AndroidManifest.xml:21:9-23:69
165            android:name="com.google.android.gms.version"
165-->[com.google.android.gms:play-services-basement:18.0.0] AndroidManifest.xml:22:13-58
166            android:value="@integer/google_play_services_version" />
166-->[com.google.android.gms:play-services-basement:18.0.0] AndroidManifest.xml:23:13-66
167    </application>
168
169</manifest>